  output.c
c:\users\parksangmin\desktop\pl\pl_hw2\hw2_a_sangminpark\header.h(22): error C2143: 구문 오류: ')'이(가) '*' 앞에 없습니다.
c:\users\parksangmin\desktop\pl\pl_hw2\hw2_a_sangminpark\header.h(22): error C2143: 구문 오류: '{'이(가) '*' 앞에 없습니다.
c:\users\parksangmin\desktop\pl\pl_hw2\hw2_a_sangminpark\header.h(22): error C2371: 'Student': 재정의. 기본 형식이 다릅니다.
  c:\users\parksangmin\desktop\pl\pl_hw2\hw2_a_sangminpark\header.h(16): note: 'Student' 선언을 참조하십시오.
c:\users\parksangmin\desktop\pl\pl_hw2\hw2_a_sangminpark\header.h(22): error C2143: 구문 오류: ';'이(가) '*' 앞에 없습니다.
c:\users\parksangmin\desktop\pl\pl_hw2\hw2_a_sangminpark\header.h(22): error C2059: 구문 오류: '형식'
c:\users\parksangmin\desktop\pl\pl_hw2\hw2_a_sangminpark\header.h(22): error C2059: 구문 오류: ')'
c:\users\parksangmin\desktop\pl\pl_hw2\hw2_a_sangminpark\header.h(28): error C2143: 구문 오류: '{'이(가) '*' 앞에 없습니다.
c:\users\parksangmin\desktop\pl\pl_hw2\hw2_a_sangminpark\header.h(29): error C2143: 구문 오류: '{'이(가) '*' 앞에 없습니다.
c:\users\parksangmin\desktop\pl\pl_hw2\hw2_a_sangminpark\header.h(29): error C2143: 구문 오류: ')'이(가) '*' 앞에 없습니다.
c:\users\parksangmin\desktop\pl\pl_hw2\hw2_a_sangminpark\header.h(29): error C2059: 구문 오류: ')'
c:\users\parksangmin\desktop\pl\pl_hw2\hw2_a_sangminpark\header.h(30): error C2143: 구문 오류: ')'이(가) '*' 앞에 없습니다.
c:\users\parksangmin\desktop\pl\pl_hw2\hw2_a_sangminpark\header.h(30): error C2143: 구문 오류: '{'이(가) '*' 앞에 없습니다.
c:\users\parksangmin\desktop\pl\pl_hw2\hw2_a_sangminpark\header.h(30): error C2059: 구문 오류: '형식'
c:\users\parksangmin\desktop\pl\pl_hw2\hw2_a_sangminpark\header.h(30): error C2059: 구문 오류: ')'
c:\users\parksangmin\desktop\pl\pl_hw2\hw2_a_sangminpark\output.c(4): error C2143: 구문 오류: ')'이(가) '*' 앞에 없습니다.
c:\users\parksangmin\desktop\pl\pl_hw2\hw2_a_sangminpark\output.c(4): error C2143: 구문 오류: '{'이(가) '*' 앞에 없습니다.
c:\users\parksangmin\desktop\pl\pl_hw2\hw2_a_sangminpark\output.c(4): error C2059: 구문 오류: '형식'
c:\users\parksangmin\desktop\pl\pl_hw2\hw2_a_sangminpark\output.c(4): error C2059: 구문 오류: ')'
  main.c
c:\users\parksangmin\desktop\pl\pl_hw2\hw2_a_sangminpark\header.h(22): error C2143: 구문 오류: ')'이(가) '*' 앞에 없습니다.
c:\users\parksangmin\desktop\pl\pl_hw2\hw2_a_sangminpark\header.h(22): error C2143: 구문 오류: '{'이(가) '*' 앞에 없습니다.
c:\users\parksangmin\desktop\pl\pl_hw2\hw2_a_sangminpark\header.h(22): error C2371: 'Student': 재정의. 기본 형식이 다릅니다.
  c:\users\parksangmin\desktop\pl\pl_hw2\hw2_a_sangminpark\header.h(16): note: 'Student' 선언을 참조하십시오.
c:\users\parksangmin\desktop\pl\pl_hw2\hw2_a_sangminpark\header.h(22): error C2143: 구문 오류: ';'이(가) '*' 앞에 없습니다.
c:\users\parksangmin\desktop\pl\pl_hw2\hw2_a_sangminpark\header.h(22): error C2059: 구문 오류: '형식'
c:\users\parksangmin\desktop\pl\pl_hw2\hw2_a_sangminpark\header.h(22): error C2059: 구문 오류: ')'
c:\users\parksangmin\desktop\pl\pl_hw2\hw2_a_sangminpark\header.h(28): error C2143: 구문 오류: '{'이(가) '*' 앞에 없습니다.
c:\users\parksangmin\desktop\pl\pl_hw2\hw2_a_sangminpark\header.h(29): error C2143: 구문 오류: '{'이(가) '*' 앞에 없습니다.
c:\users\parksangmin\desktop\pl\pl_hw2\hw2_a_sangminpark\header.h(29): error C2143: 구문 오류: ')'이(가) '*' 앞에 없습니다.
c:\users\parksangmin\desktop\pl\pl_hw2\hw2_a_sangminpark\header.h(29): error C2059: 구문 오류: ')'
c:\users\parksangmin\desktop\pl\pl_hw2\hw2_a_sangminpark\header.h(30): error C2143: 구문 오류: ')'이(가) '*' 앞에 없습니다.
c:\users\parksangmin\desktop\pl\pl_hw2\hw2_a_sangminpark\header.h(30): error C2143: 구문 오류: '{'이(가) '*' 앞에 없습니다.
c:\users\parksangmin\desktop\pl\pl_hw2\hw2_a_sangminpark\header.h(30): error C2059: 구문 오류: '형식'
c:\users\parksangmin\desktop\pl\pl_hw2\hw2_a_sangminpark\header.h(30): error C2059: 구문 오류: ')'
c:\users\parksangmin\desktop\pl\pl_hw2\hw2_a_sangminpark\main.c(8): error C2065: 'List': 선언되지 않은 식별자입니다.
c:\users\parksangmin\desktop\pl\pl_hw2\hw2_a_sangminpark\main.c(8): error C2297: '*': 오른쪽 피연산자 형식으로 'int *'을(를) 사용할 수 없습니다.
c:\users\parksangmin\desktop\pl\pl_hw2\hw2_a_sangminpark\main.c(8): error C2059: 구문 오류: ')'
c:\users\parksangmin\desktop\pl\pl_hw2\hw2_a_sangminpark\main.c(10): warning C4013: 'calcGrade'이(가) 정의되지 않았습니다. extern은 int형을 반환하는 것으로 간주합니다.
c:\users\parksangmin\desktop\pl\pl_hw2\hw2_a_sangminpark\main.c(10): warning C4047: '=': 'int *'의 간접 참조 수준이 'int'과(와) 다릅니다.
c:\users\parksangmin\desktop\pl\pl_hw2\hw2_a_sangminpark\main.c(11): warning C4013: 'outputResult'이(가) 정의되지 않았습니다. extern은 int형을 반환하는 것으로 간주합니다.
  linkedlist.c
c:\users\parksangmin\desktop\pl\pl_hw2\hw2_a_sangminpark\header.h(22): error C2143: 구문 오류: ')'이(가) '*' 앞에 없습니다.
c:\users\parksangmin\desktop\pl\pl_hw2\hw2_a_sangminpark\header.h(22): error C2143: 구문 오류: '{'이(가) '*' 앞에 없습니다.
c:\users\parksangmin\desktop\pl\pl_hw2\hw2_a_sangminpark\header.h(22): error C2371: 'Student': 재정의. 기본 형식이 다릅니다.
  c:\users\parksangmin\desktop\pl\pl_hw2\hw2_a_sangminpark\header.h(16): note: 'Student' 선언을 참조하십시오.
c:\users\parksangmin\desktop\pl\pl_hw2\hw2_a_sangminpark\header.h(22): error C2143: 구문 오류: ';'이(가) '*' 앞에 없습니다.
c:\users\parksangmin\desktop\pl\pl_hw2\hw2_a_sangminpark\header.h(22): error C2059: 구문 오류: '형식'
c:\users\parksangmin\desktop\pl\pl_hw2\hw2_a_sangminpark\header.h(22): error C2059: 구문 오류: ')'
c:\users\parksangmin\desktop\pl\pl_hw2\hw2_a_sangminpark\header.h(28): error C2143: 구문 오류: '{'이(가) '*' 앞에 없습니다.
c:\users\parksangmin\desktop\pl\pl_hw2\hw2_a_sangminpark\header.h(29): error C2143: 구문 오류: '{'이(가) '*' 앞에 없습니다.
c:\users\parksangmin\desktop\pl\pl_hw2\hw2_a_sangminpark\header.h(29): error C2143: 구문 오류: ')'이(가) '*' 앞에 없습니다.
c:\users\parksangmin\desktop\pl\pl_hw2\hw2_a_sangminpark\header.h(29): error C2059: 구문 오류: ')'
c:\users\parksangmin\desktop\pl\pl_hw2\hw2_a_sangminpark\header.h(30): error C2143: 구문 오류: ')'이(가) '*' 앞에 없습니다.
c:\users\parksangmin\desktop\pl\pl_hw2\hw2_a_sangminpark\header.h(30): error C2143: 구문 오류: '{'이(가) '*' 앞에 없습니다.
c:\users\parksangmin\desktop\pl\pl_hw2\hw2_a_sangminpark\header.h(30): error C2059: 구문 오류: '형식'
c:\users\parksangmin\desktop\pl\pl_hw2\hw2_a_sangminpark\header.h(30): error C2059: 구문 오류: ')'
c:\users\parksangmin\desktop\pl\pl_hw2\hw2_a_sangminpark\linkedlist.c(3): error C2143: 구문 오류: ')'이(가) '*' 앞에 없습니다.
c:\users\parksangmin\desktop\pl\pl_hw2\hw2_a_sangminpark\linkedlist.c(3): error C2143: 구문 오류: '{'이(가) '*' 앞에 없습니다.
c:\users\parksangmin\desktop\pl\pl_hw2\hw2_a_sangminpark\linkedlist.c(3): error C2059: 구문 오류: ')'
c:\users\parksangmin\desktop\pl\pl_hw2\hw2_a_sangminpark\linkedlist.c(3): error C2054: 'list' 다음에 '('가 필요합니다.
c:\users\parksangmin\desktop\pl\pl_hw2\hw2_a_sangminpark\linkedlist.c(12): error C2143: 구문 오류: ')'이(가) '*' 앞에 없습니다.
c:\users\parksangmin\desktop\pl\pl_hw2\hw2_a_sangminpark\linkedlist.c(12): error C2143: 구문 오류: '{'이(가) '*' 앞에 없습니다.
c:\users\parksangmin\desktop\pl\pl_hw2\hw2_a_sangminpark\linkedlist.c(12): error C2371: 'Student': 재정의. 기본 형식이 다릅니다.
  c:\users\parksangmin\desktop\pl\pl_hw2\hw2_a_sangminpark\header.h(16): note: 'Student' 선언을 참조하십시오.
c:\users\parksangmin\desktop\pl\pl_hw2\hw2_a_sangminpark\linkedlist.c(12): error C2146: 구문 오류: ';'이(가) 'student' 식별자 앞에 없습니다.
c:\users\parksangmin\desktop\pl\pl_hw2\hw2_a_sangminpark\linkedlist.c(12): error C2059: 구문 오류: ')'
c:\users\parksangmin\desktop\pl\pl_hw2\hw2_a_sangminpark\linkedlist.c(12): error C2040: 'student': 'int'의 간접 참조 수준이 'int *'과(와) 다릅니다.
c:\users\parksangmin\desktop\pl\pl_hw2\hw2_a_sangminpark\linkedlist.c(12): error C2054: 'student' 다음에 '('가 필요합니다.
c:\users\parksangmin\desktop\pl\pl_hw2\hw2_a_sangminpark\linkedlist.c(32): error C2143: 구문 오류: ')'이(가) '*' 앞에 없습니다.
c:\users\parksangmin\desktop\pl\pl_hw2\hw2_a_sangminpark\linkedlist.c(32): error C2143: 구문 오류: '{'이(가) '*' 앞에 없습니다.
c:\users\parksangmin\desktop\pl\pl_hw2\hw2_a_sangminpark\linkedlist.c(32): error C2371: 'Student': 재정의. 기본 형식이 다릅니다.
  c:\users\parksangmin\desktop\pl\pl_hw2\hw2_a_sangminpark\header.h(16): note: 'Student' 선언을 참조하십시오.
c:\users\parksangmin\desktop\pl\pl_hw2\hw2_a_sangminpark\linkedlist.c(32): error C2143: 구문 오류: ';'이(가) '*' 앞에 없습니다.
c:\users\parksangmin\desktop\pl\pl_hw2\hw2_a_sangminpark\linkedlist.c(32): error C2059: 구문 오류: ')'
c:\users\parksangmin\desktop\pl\pl_hw2\hw2_a_sangminpark\linkedlist.c(32): error C2054: 'getdata' 다음에 '('가 필요합니다.
c:\users\parksangmin\desktop\pl\pl_hw2\hw2_a_sangminpark\linkedlist.c(41): error C2143: 구문 오류: ')'이(가) '*' 앞에 없습니다.
c:\users\parksangmin\desktop\pl\pl_hw2\hw2_a_sangminpark\linkedlist.c(41): error C2143: 구문 오류: '{'이(가) '*' 앞에 없습니다.
c:\users\parksangmin\desktop\pl\pl_hw2\hw2_a_sangminpark\linkedlist.c(41): error C2371: 'Student': 재정의. 기본 형식이 다릅니다.
  c:\users\parksangmin\desktop\pl\pl_hw2\hw2_a_sangminpark\header.h(16): note: 'Student' 선언을 참조하십시오.
c:\users\parksangmin\desktop\pl\pl_hw2\hw2_a_sangminpark\linkedlist.c(41): error C2143: 구문 오류: ';'이(가) '*' 앞에 없습니다.
c:\users\parksangmin\desktop\pl\pl_hw2\hw2_a_sangminpark\linkedlist.c(41): error C2059: 구문 오류: ')'
c:\users\parksangmin\desktop\pl\pl_hw2\hw2_a_sangminpark\linkedlist.c(41): error C2054: 'getdata' 다음에 '('가 필요합니다.
c:\users\parksangmin\desktop\pl\pl_hw2\hw2_a_sangminpark\linkedlist.c(55): error C2143: 구문 오류: ')'이(가) '*' 앞에 없습니다.
c:\users\parksangmin\desktop\pl\pl_hw2\hw2_a_sangminpark\linkedlist.c(55): error C2143: 구문 오류: '{'이(가) '*' 앞에 없습니다.
c:\users\parksangmin\desktop\pl\pl_hw2\hw2_a_sangminpark\linkedlist.c(55): error C2059: 구문 오류: '형식'
c:\users\parksangmin\desktop\pl\pl_hw2\hw2_a_sangminpark\linkedlist.c(55): error C2059: 구문 오류: ')'
  input.c
c:\users\parksangmin\desktop\pl\pl_hw2\hw2_a_sangminpark\header.h(22): error C2143: 구문 오류: ')'이(가) '*' 앞에 없습니다.
c:\users\parksangmin\desktop\pl\pl_hw2\hw2_a_sangminpark\header.h(22): error C2143: 구문 오류: '{'이(가) '*' 앞에 없습니다.
c:\users\parksangmin\desktop\pl\pl_hw2\hw2_a_sangminpark\header.h(22): error C2371: 'Student': 재정의. 기본 형식이 다릅니다.
  c:\users\parksangmin\desktop\pl\pl_hw2\hw2_a_sangminpark\header.h(16): note: 'Student' 선언을 참조하십시오.
c:\users\parksangmin\desktop\pl\pl_hw2\hw2_a_sangminpark\header.h(22): error C2143: 구문 오류: ';'이(가) '*' 앞에 없습니다.
c:\users\parksangmin\desktop\pl\pl_hw2\hw2_a_sangminpark\header.h(22): error C2059: 구문 오류: '형식'
c:\users\parksangmin\desktop\pl\pl_hw2\hw2_a_sangminpark\header.h(22): error C2059: 구문 오류: ')'
c:\users\parksangmin\desktop\pl\pl_hw2\hw2_a_sangminpark\header.h(28): error C2143: 구문 오류: '{'이(가) '*' 앞에 없습니다.
c:\users\parksangmin\desktop\pl\pl_hw2\hw2_a_sangminpark\header.h(29): error C2143: 구문 오류: '{'이(가) '*' 앞에 없습니다.
c:\users\parksangmin\desktop\pl\pl_hw2\hw2_a_sangminpark\header.h(29): error C2143: 구문 오류: ')'이(가) '*' 앞에 없습니다.
c:\users\parksangmin\desktop\pl\pl_hw2\hw2_a_sangminpark\header.h(29): error C2059: 구문 오류: ')'
c:\users\parksangmin\desktop\pl\pl_hw2\hw2_a_sangminpark\header.h(30): error C2143: 구문 오류: ')'이(가) '*' 앞에 없습니다.
c:\users\parksangmin\desktop\pl\pl_hw2\hw2_a_sangminpark\header.h(30): error C2143: 구문 오류: '{'이(가) '*' 앞에 없습니다.
c:\users\parksangmin\desktop\pl\pl_hw2\hw2_a_sangminpark\header.h(30): error C2059: 구문 오류: '형식'
c:\users\parksangmin\desktop\pl\pl_hw2\hw2_a_sangminpark\header.h(30): error C2059: 구문 오류: ')'
c:\users\parksangmin\desktop\pl\pl_hw2\hw2_a_sangminpark\input.c(4): error C2143: 구문 오류: '{'이(가) '*' 앞에 없습니다.
c:\users\parksangmin\desktop\pl\pl_hw2\hw2_a_sangminpark\input.c(10): error C2065: 'List': 선언되지 않은 식별자입니다.
c:\users\parksangmin\desktop\pl\pl_hw2\hw2_a_sangminpark\input.c(10): error C2297: '*': 오른쪽 피연산자 형식으로 'int *'을(를) 사용할 수 없습니다.
c:\users\parksangmin\desktop\pl\pl_hw2\hw2_a_sangminpark\input.c(14): error C2065: 'List': 선언되지 않은 식별자입니다.
c:\users\parksangmin\desktop\pl\pl_hw2\hw2_a_sangminpark\input.c(14): error C2059: 구문 오류: ')'
c:\users\parksangmin\desktop\pl\pl_hw2\hw2_a_sangminpark\input.c(16): warning C4013: 'InitList'이(가) 정의되지 않았습니다. extern은 int형을 반환하는 것으로 간주합니다.
c:\users\parksangmin\desktop\pl\pl_hw2\hw2_a_sangminpark\input.c(32): warning C4013: 'setStudent'이(가) 정의되지 않았습니다. extern은 int형을 반환하는 것으로 간주합니다.
c:\users\parksangmin\desktop\pl\pl_hw2\hw2_a_sangminpark\input.c(44): warning C4013: 'Linsert'이(가) 정의되지 않았습니다. extern은 int형을 반환하는 것으로 간주합니다.
  datahandling.c
c:\users\parksangmin\desktop\pl\pl_hw2\hw2_a_sangminpark\header.h(22): error C2143: 구문 오류: ')'이(가) '*' 앞에 없습니다.
c:\users\parksangmin\desktop\pl\pl_hw2\hw2_a_sangminpark\header.h(22): error C2143: 구문 오류: '{'이(가) '*' 앞에 없습니다.
c:\users\parksangmin\desktop\pl\pl_hw2\hw2_a_sangminpark\header.h(22): error C2371: 'Student': 재정의. 기본 형식이 다릅니다.
  c:\users\parksangmin\desktop\pl\pl_hw2\hw2_a_sangminpark\header.h(16): note: 'Student' 선언을 참조하십시오.
c:\users\parksangmin\desktop\pl\pl_hw2\hw2_a_sangminpark\header.h(22): error C2143: 구문 오류: ';'이(가) '*' 앞에 없습니다.
c:\users\parksangmin\desktop\pl\pl_hw2\hw2_a_sangminpark\header.h(22): error C2059: 구문 오류: '형식'
c:\users\parksangmin\desktop\pl\pl_hw2\hw2_a_sangminpark\header.h(22): error C2059: 구문 오류: ')'
c:\users\parksangmin\desktop\pl\pl_hw2\hw2_a_sangminpark\header.h(28): error C2143: 구문 오류: '{'이(가) '*' 앞에 없습니다.
c:\users\parksangmin\desktop\pl\pl_hw2\hw2_a_sangminpark\header.h(29): error C2143: 구문 오류: '{'이(가) '*' 앞에 없습니다.
c:\users\parksangmin\desktop\pl\pl_hw2\hw2_a_sangminpark\header.h(29): error C2143: 구문 오류: ')'이(가) '*' 앞에 없습니다.
c:\users\parksangmin\desktop\pl\pl_hw2\hw2_a_sangminpark\header.h(29): error C2059: 구문 오류: ')'
c:\users\parksangmin\desktop\pl\pl_hw2\hw2_a_sangminpark\header.h(30): error C2143: 구문 오류: ')'이(가) '*' 앞에 없습니다.
c:\users\parksangmin\desktop\pl\pl_hw2\hw2_a_sangminpark\header.h(30): error C2143: 구문 오류: '{'이(가) '*' 앞에 없습니다.
c:\users\parksangmin\desktop\pl\pl_hw2\hw2_a_sangminpark\header.h(30): error C2059: 구문 오류: '형식'
c:\users\parksangmin\desktop\pl\pl_hw2\hw2_a_sangminpark\header.h(30): error C2059: 구문 오류: ')'
c:\users\parksangmin\desktop\pl\pl_hw2\hw2_a_sangminpark\datahandling.c(3): error C2143: 구문 오류: ')'이(가) '*' 앞에 없습니다.
c:\users\parksangmin\desktop\pl\pl_hw2\hw2_a_sangminpark\datahandling.c(3): error C2143: 구문 오류: '{'이(가) '*' 앞에 없습니다.
c:\users\parksangmin\desktop\pl\pl_hw2\hw2_a_sangminpark\datahandling.c(3): error C2371: 'Student': 재정의. 기본 형식이 다릅니다.
  c:\users\parksangmin\desktop\pl\pl_hw2\hw2_a_sangminpark\header.h(16): note: 'Student' 선언을 참조하십시오.
c:\users\parksangmin\desktop\pl\pl_hw2\hw2_a_sangminpark\datahandling.c(3): error C2143: 구문 오류: ';'이(가) '*' 앞에 없습니다.
c:\users\parksangmin\desktop\pl\pl_hw2\hw2_a_sangminpark\datahandling.c(3): error C2059: 구문 오류: '형식'
c:\users\parksangmin\desktop\pl\pl_hw2\hw2_a_sangminpark\datahandling.c(3): error C2059: 구문 오류: ')'
  calc.c
c:\users\parksangmin\desktop\pl\pl_hw2\hw2_a_sangminpark\header.h(22): error C2143: 구문 오류: ')'이(가) '*' 앞에 없습니다.
c:\users\parksangmin\desktop\pl\pl_hw2\hw2_a_sangminpark\header.h(22): error C2143: 구문 오류: '{'이(가) '*' 앞에 없습니다.
c:\users\parksangmin\desktop\pl\pl_hw2\hw2_a_sangminpark\header.h(22): error C2371: 'Student': 재정의. 기본 형식이 다릅니다.
  c:\users\parksangmin\desktop\pl\pl_hw2\hw2_a_sangminpark\header.h(16): note: 'Student' 선언을 참조하십시오.
c:\users\parksangmin\desktop\pl\pl_hw2\hw2_a_sangminpark\header.h(22): error C2143: 구문 오류: ';'이(가) '*' 앞에 없습니다.
c:\users\parksangmin\desktop\pl\pl_hw2\hw2_a_sangminpark\header.h(22): error C2059: 구문 오류: '형식'
c:\users\parksangmin\desktop\pl\pl_hw2\hw2_a_sangminpark\header.h(22): error C2059: 구문 오류: ')'
c:\users\parksangmin\desktop\pl\pl_hw2\hw2_a_sangminpark\header.h(28): error C2143: 구문 오류: '{'이(가) '*' 앞에 없습니다.
c:\users\parksangmin\desktop\pl\pl_hw2\hw2_a_sangminpark\header.h(29): error C2143: 구문 오류: '{'이(가) '*' 앞에 없습니다.
c:\users\parksangmin\desktop\pl\pl_hw2\hw2_a_sangminpark\header.h(29): error C2143: 구문 오류: ')'이(가) '*' 앞에 없습니다.
c:\users\parksangmin\desktop\pl\pl_hw2\hw2_a_sangminpark\header.h(29): error C2059: 구문 오류: ')'
c:\users\parksangmin\desktop\pl\pl_hw2\hw2_a_sangminpark\header.h(30): error C2143: 구문 오류: ')'이(가) '*' 앞에 없습니다.
c:\users\parksangmin\desktop\pl\pl_hw2\hw2_a_sangminpark\header.h(30): error C2143: 구문 오류: '{'이(가) '*' 앞에 없습니다.
c:\users\parksangmin\desktop\pl\pl_hw2\hw2_a_sangminpark\header.h(30): error C2059: 구문 오류: '형식'
c:\users\parksangmin\desktop\pl\pl_hw2\hw2_a_sangminpark\header.h(30): error C2059: 구문 오류: ')'
c:\users\parksangmin\desktop\pl\pl_hw2\hw2_a_sangminpark\calc.c(3): error C2143: 구문 오류: '{'이(가) '*' 앞에 없습니다.
c:\users\parksangmin\desktop\pl\pl_hw2\hw2_a_sangminpark\calc.c(3): error C2143: 구문 오류: ')'이(가) '*' 앞에 없습니다.
c:\users\parksangmin\desktop\pl\pl_hw2\hw2_a_sangminpark\calc.c(3): error C2059: 구문 오류: ')'
c:\users\parksangmin\desktop\pl\pl_hw2\hw2_a_sangminpark\calc.c(3): error C2054: 'list' 다음에 '('가 필요합니다.
  코드를 생성하고 있습니다...
