c:\users\parksangmin\documents\visual studio 2015\projects\hw2_a_sangminpark\hw2_a_sangminpark\debug\vc140.pdb
c:\users\parksangmin\documents\visual studio 2015\projects\hw2_a_sangminpark\hw2_a_sangminpark\debug\vc140.idb
c:\users\parksangmin\documents\visual studio 2015\projects\hw2_a_sangminpark\hw2_a_sangminpark\debug\calc.obj
c:\users\parksangmin\documents\visual studio 2015\projects\hw2_a_sangminpark\hw2_a_sangminpark\debug\main.obj
c:\users\parksangmin\documents\visual studio 2015\projects\hw2_a_sangminpark\hw2_a_sangminpark\debug\outputresult.obj
c:\users\parksangmin\documents\visual studio 2015\projects\hw2_a_sangminpark\hw2_a_sangminpark\debug\input.obj
c:\users\parksangmin\documents\visual studio 2015\projects\hw2_a_sangminpark\hw2_a_sangminpark\debug\input.obj.enc
c:\users\parksangmin\documents\visual studio 2015\projects\hw2_a_sangminpark\debug\hw2_a_sangminpark.pdb
c:\users\parksangmin\documents\visual studio 2015\projects\hw2_a_sangminpark\hw2_a_sangminpark\debug\hw2_a_sa.00fe3b54.tlog\cl.command.1.tlog
c:\users\parksangmin\documents\visual studio 2015\projects\hw2_a_sangminpark\hw2_a_sangminpark\debug\hw2_a_sa.00fe3b54.tlog\cl.read.1.tlog
c:\users\parksangmin\documents\visual studio 2015\projects\hw2_a_sangminpark\hw2_a_sangminpark\debug\hw2_a_sa.00fe3b54.tlog\cl.write.1.tlog
c:\users\parksangmin\documents\visual studio 2015\projects\hw2_a_sangminpark\hw2_a_sangminpark\debug\hw2_a_sa.00fe3b54.tlog\link-cvtres.read.1.tlog
c:\users\parksangmin\documents\visual studio 2015\projects\hw2_a_sangminpark\hw2_a_sangminpark\debug\hw2_a_sa.00fe3b54.tlog\link-cvtres.write.1.tlog
c:\users\parksangmin\documents\visual studio 2015\projects\hw2_a_sangminpark\hw2_a_sangminpark\debug\hw2_a_sa.00fe3b54.tlog\link-rc.read.1.tlog
c:\users\parksangmin\documents\visual studio 2015\projects\hw2_a_sangminpark\hw2_a_sangminpark\debug\hw2_a_sa.00fe3b54.tlog\link-rc.write.1.tlog
c:\users\parksangmin\documents\visual studio 2015\projects\hw2_a_sangminpark\hw2_a_sangminpark\debug\hw2_a_sa.00fe3b54.tlog\link.10288-cvtres.read.1.tlog
c:\users\parksangmin\documents\visual studio 2015\projects\hw2_a_sangminpark\hw2_a_sangminpark\debug\hw2_a_sa.00fe3b54.tlog\link.10288-cvtres.write.1.tlog
c:\users\parksangmin\documents\visual studio 2015\projects\hw2_a_sangminpark\hw2_a_sangminpark\debug\hw2_a_sa.00fe3b54.tlog\link.10288-rc.read.1.tlog
c:\users\parksangmin\documents\visual studio 2015\projects\hw2_a_sangminpark\hw2_a_sangminpark\debug\hw2_a_sa.00fe3b54.tlog\link.10288-rc.write.1.tlog
c:\users\parksangmin\documents\visual studio 2015\projects\hw2_a_sangminpark\hw2_a_sangminpark\debug\hw2_a_sa.00fe3b54.tlog\link.10288.read.1.tlog
c:\users\parksangmin\documents\visual studio 2015\projects\hw2_a_sangminpark\hw2_a_sangminpark\debug\hw2_a_sa.00fe3b54.tlog\link.10288.write.1.tlog
c:\users\parksangmin\documents\visual studio 2015\projects\hw2_a_sangminpark\hw2_a_sangminpark\debug\hw2_a_sa.00fe3b54.tlog\link.command.1.tlog
c:\users\parksangmin\documents\visual studio 2015\projects\hw2_a_sangminpark\hw2_a_sangminpark\debug\hw2_a_sa.00fe3b54.tlog\link.read.1.tlog
c:\users\parksangmin\documents\visual studio 2015\projects\hw2_a_sangminpark\hw2_a_sangminpark\debug\hw2_a_sa.00fe3b54.tlog\link.write.1.tlog
